c:\users\apathy\desktop\opengl\opengl\debug\vc142.pdb
c:\users\apathy\desktop\opengl\opengl\debug\vc142.idb
c:\users\apathy\desktop\opengl\opengl\debug\application.obj
c:\users\apathy\desktop\opengl\opengl\debug\nativecodeanalysis.read.1.tlog
c:\users\apathy\desktop\opengl\opengl\debug\application.nativecodeanalysis.xml
c:\users\apathy\desktop\opengl\opengl\debug\vc.nativecodeanalysis.all.xml
c:\users\apathy\desktop\opengl\opengl\debug\opengl.tlog\cl.command.1.tlog
c:\users\apathy\desktop\opengl\opengl\debug\opengl.tlog\cl.read.1.tlog
c:\users\apathy\desktop\opengl\opengl\debug\opengl.tlog\cl.write.1.tlog
c:\users\apathy\desktop\opengl\opengl\debug\opengl.tlog\link-cvtres.read.1.tlog
c:\users\apathy\desktop\opengl\opengl\debug\opengl.tlog\link-cvtres.write.1.tlog
c:\users\apathy\desktop\opengl\opengl\debug\opengl.tlog\link-rc.read.1.tlog
c:\users\apathy\desktop\opengl\opengl\debug\opengl.tlog\link-rc.write.1.tlog
c:\users\apathy\desktop\opengl\opengl\debug\opengl.tlog\link.14104-cvtres.read.1.tlog
c:\users\apathy\desktop\opengl\opengl\debug\opengl.tlog\link.14104-cvtres.write.1.tlog
c:\users\apathy\desktop\opengl\opengl\debug\opengl.tlog\link.14104-rc.read.1.tlog
c:\users\apathy\desktop\opengl\opengl\debug\opengl.tlog\link.14104-rc.write.1.tlog
c:\users\apathy\desktop\opengl\opengl\debug\opengl.tlog\link.14104.read.1.tlog
c:\users\apathy\desktop\opengl\opengl\debug\opengl.tlog\link.14104.write.1.tlog
c:\users\apathy\desktop\opengl\opengl\debug\opengl.tlog\link.command.1.tlog
c:\users\apathy\desktop\opengl\opengl\debug\opengl.tlog\link.read.1.tlog
c:\users\apathy\desktop\opengl\opengl\debug\opengl.tlog\link.write.1.tlog
